This is pdfTeX, Version 3.141592653-2.6-1.40.22 (TeX Live 2022/dev/Debian) (preloaded format=pdflatex 2026.1.15)  18 JAN 2026 10:53
entering extended mode
 restricted \write18 enabled.
 %&-line parsing enabled.
**report.tex
(./report.tex
LaTeX2e <2021-11-15> patch level 1
L3 programming layer <2022-01-21>
(/usr/share/texlive/texmf-dist/tex/latex/base/report.cls
Document Class: report 2021/10/04 v1.4n Standard LaTeX document class
(/usr/share/texlive/texmf-dist/tex/latex/base/size12.clo
File: size12.clo 2021/10/04 v1.4n Standard LaTeX file (size option)
)
\c@part=\count185
\c@chapter=\count186
\c@section=\count187
\c@subsection=\count188
\c@subsubsection=\count189
\c@paragraph=\count190
\c@subparagraph=\count191
\c@figure=\count192
\c@table=\count193
\abovecaptionskip=\skip47
\belowcaptionskip=\skip48
\bibindent=\dimen138
)
(/usr/share/texlive/texmf-dist/tex/latex/base/inputenc.sty
Package: inputenc 2021/02/14 v1.3d Input encoding file
\inpenc@prehook=\toks16
\inpenc@posthook=\toks17
)
(/usr/share/texlive/texmf-dist/tex/latex/graphics/graphicx.sty
Package: graphicx 2021/09/16 v1.2d Enhanced LaTeX Graphics (DPC,SPQR)

(/usr/share/texlive/texmf-dist/tex/latex/graphics/keyval.sty
Package: keyval 2014/10/28 v1.15 key=value parser (DPC)
\KV@toks@=\toks18
)
(/usr/share/texlive/texmf-dist/tex/latex/graphics/graphics.sty
Package: graphics 2021/03/04 v1.4d Standard LaTeX Graphics (DPC,SPQR)

(/usr/share/texlive/texmf-dist/tex/latex/graphics/trig.sty
Package: trig 2021/08/11 v1.11 sin cos tan (DPC)
)
(/usr/share/texlive/texmf-dist/tex/latex/graphics-cfg/graphics.cfg
File: graphics.cfg 2016/06/04 v1.11 sample graphics configuration
)
Package graphics Info: Driver file: pdftex.def on input line 107.

(/usr/share/texlive/texmf-dist/tex/latex/graphics-def/pdftex.def
File: pdftex.def 2020/10/05 v1.2a Graphics/color driver for pdftex
))
\Gin@req@height=\dimen139
\Gin@req@width=\dimen140
)
(/usr/share/texlive/texmf-dist/tex/latex/float/float.sty
Package: float 2001/11/08 v1.3d Float enhancements (AL)
\c@float@type=\count194
\float@exts=\toks19
\float@box=\box50
\@float@everytoks=\toks20
\@floatcapt=\box51
)
(/usr/share/texlive/texmf-dist/tex/latex/amsmath/amsmath.sty
Package: amsmath 2021/10/15 v2.17l AMS math features
\@mathmargin=\skip49

For additional information on amsmath, use the `?' option.
(/usr/share/texlive/texmf-dist/tex/latex/amsmath/amstext.sty
Package: amstext 2021/08/26 v2.01 AMS text

(/usr/share/texlive/texmf-dist/tex/latex/amsmath/amsgen.sty
File: amsgen.sty 1999/11/30 v2.0 generic functions
\@emptytoks=\toks21
\ex@=\dimen141
))
(/usr/share/texlive/texmf-dist/tex/latex/amsmath/amsbsy.sty
Package: amsbsy 1999/11/29 v1.2d Bold Symbols
\pmbraise@=\dimen142
)
(/usr/share/texlive/texmf-dist/tex/latex/amsmath/amsopn.sty
Package: amsopn 2021/08/26 v2.02 operator names
)
\inf@bad=\count195
LaTeX Info: Redefining \frac on input line 234.
\uproot@=\count196
\leftroot@=\count197
LaTeX Info: Redefining \overline on input line 399.
\classnum@=\count198
\DOTSCASE@=\count199
LaTeX Info: Redefining \ldots on input line 496.
LaTeX Info: Redefining \dots on input line 499.
LaTeX Info: Redefining \cdots on input line 620.
\Mathstrutbox@=\box52
\strutbox@=\box53
\big@size=\dimen143
LaTeX Font Info:    Redeclaring font encoding OML on input line 743.
LaTeX Font Info:    Redeclaring font encoding OMS on input line 744.
\macc@depth=\count266
\c@MaxMatrixCols=\count267
\dotsspace@=\muskip16
\c@parentequation=\count268
\dspbrk@lvl=\count269
\tag@help=\toks22
\row@=\count270
\column@=\count271
\maxfields@=\count272
\andhelp@=\toks23
\eqnshift@=\dimen144
\alignsep@=\dimen145
\tagshift@=\dimen146
\tagwidth@=\dimen147
\totwidth@=\dimen148
\lineht@=\dimen149
\@envbody=\toks24
\multlinegap=\skip50
\multlinetaggap=\skip51
\mathdisplay@stack=\toks25
LaTeX Info: Redefining \[ on input line 2938.
LaTeX Info: Redefining \] on input line 2939.
)
(/usr/share/texlive/texmf-dist/tex/latex/amsfonts/amssymb.sty
Package: amssymb 2013/01/14 v3.01 AMS font symbols

(/usr/share/texlive/texmf-dist/tex/latex/amsfonts/amsfonts.sty
Package: amsfonts 2013/01/14 v3.01 Basic AMSFonts support
\symAMSa=\mathgroup4
\symAMSb=\mathgroup5
LaTeX Font Info:    Redeclaring math symbol \hbar on input line 98.
LaTeX Font Info:    Overwriting math alphabet `\mathfrak' in version `bold'
(Font)                  U/euf/m/n --> U/euf/b/n on input line 106.
))
(/usr/share/texlive/texmf-dist/tex/latex/cite/cite.sty
LaTeX Info: Redefining \cite on input line 302.
LaTeX Info: Redefining \nocite on input line 332.
Package: cite 2015/02/27  v 5.5
)
(/usr/share/texlive/texmf-dist/tex/latex/url/url.sty
\Urlmuskip=\muskip17
Package: url 2013/09/16  ver 3.4  Verb mode for urls, etc.
)
(/usr/share/texlive/texmf-dist/tex/latex/xcolor/xcolor.sty
Package: xcolor 2021/10/31 v2.13 LaTeX color extensions (UK)

(/usr/share/texlive/texmf-dist/tex/latex/graphics-cfg/color.cfg
File: color.cfg 2016/01/02 v1.6 sample color configuration
)
Package xcolor Info: Driver file: pdftex.def on input line 227.
Package xcolor Info: Model `cmy' substituted by `cmy0' on input line 1352.
Package xcolor Info: Model `hsb' substituted by `rgb' on input line 1356.
Package xcolor Info: Model `RGB' extended on input line 1368.
Package xcolor Info: Model `HTML' substituted by `rgb' on input line 1370.
Package xcolor Info: Model `Hsb' substituted by `hsb' on input line 1371.
Package xcolor Info: Model `tHsb' substituted by `hsb' on input line 1372.
Package xcolor Info: Model `HSB' substituted by `hsb' on input line 1373.
Package xcolor Info: Model `Gray' substituted by `gray' on input line 1374.
Package xcolor Info: Model `wave' substituted by `hsb' on input line 1375.
)
(/usr/share/texlive/texmf-dist/tex/latex/hyperref/hyperref.sty
Package: hyperref 2021-06-07 v7.00m Hypertext links for LaTeX

(/usr/share/texlive/texmf-dist/tex/generic/ltxcmds/ltxcmds.sty
Package: ltxcmds 2020-05-10 v1.25 LaTeX kernel commands for general use (HO)
)
(/usr/share/texlive/texmf-dist/tex/generic/iftex/iftex.sty
Package: iftex 2020/03/06 v1.0d TeX engine tests
)
(/usr/share/texlive/texmf-dist/tex/generic/pdftexcmds/pdftexcmds.sty
Package: pdftexcmds 2020-06-27 v0.33 Utility functions of pdfTeX for LuaTeX (HO
)

(/usr/share/texlive/texmf-dist/tex/generic/infwarerr/infwarerr.sty
Package: infwarerr 2019/12/03 v1.5 Providing info/warning/error messages (HO)
)
Package pdftexcmds Info: \pdf@primitive is available.
Package pdftexcmds Info: \pdf@ifprimitive is available.
Package pdftexcmds Info: \pdfdraftmode found.
)
(/usr/share/texlive/texmf-dist/tex/generic/kvsetkeys/kvsetkeys.sty
Package: kvsetkeys 2019/12/15 v1.18 Key value parser (HO)
)
(/usr/share/texlive/texmf-dist/tex/generic/kvdefinekeys/kvdefinekeys.sty
Package: kvdefinekeys 2019-12-19 v1.6 Define keys (HO)
)
(/usr/share/texlive/texmf-dist/tex/generic/pdfescape/pdfescape.sty
Package: pdfescape 2019/12/09 v1.15 Implements pdfTeX's escape features (HO)
)
(/usr/share/texlive/texmf-dist/tex/latex/hycolor/hycolor.sty
Package: hycolor 2020-01-27 v1.10 Color options for hyperref/bookmark (HO)
)
(/usr/share/texlive/texmf-dist/tex/latex/letltxmacro/letltxmacro.sty
Package: letltxmacro 2019/12/03 v1.6 Let assignment for LaTeX macros (HO)
)
(/usr/share/texlive/texmf-dist/tex/latex/auxhook/auxhook.sty
Package: auxhook 2019-12-17 v1.6 Hooks for auxiliary files (HO)
)
(/usr/share/texlive/texmf-dist/tex/latex/kvoptions/kvoptions.sty
Package: kvoptions 2020-10-07 v3.14 Key value format for package options (HO)
)
\@linkdim=\dimen150
\Hy@linkcounter=\count273
\Hy@pagecounter=\count274

(/usr/share/texlive/texmf-dist/tex/latex/hyperref/pd1enc.def
File: pd1enc.def 2021-06-07 v7.00m Hyperref: PDFDocEncoding definition (HO)
Now handling font encoding PD1 ...
... no UTF-8 mapping file for font encoding PD1
)
(/usr/share/texlive/texmf-dist/tex/latex/hyperref/hyperref-langpatches.def
File: hyperref-langpatches.def 2021-06-07 v7.00m Hyperref: patches for babel la
nguages
)
(/usr/share/texlive/texmf-dist/tex/generic/intcalc/intcalc.sty
Package: intcalc 2019/12/15 v1.3 Expandable calculations with integers (HO)
)
(/usr/share/texlive/texmf-dist/tex/generic/etexcmds/etexcmds.sty
Package: etexcmds 2019/12/15 v1.7 Avoid name clashes with e-TeX commands (HO)
)
\Hy@SavedSpaceFactor=\count275

(/usr/share/texlive/texmf-dist/tex/latex/hyperref/puenc.def
File: puenc.def 2021-06-07 v7.00m Hyperref: PDF Unicode definition (HO)
Now handling font encoding PU ...
... no UTF-8 mapping file for font encoding PU
)
Package hyperref Info: Hyper figures OFF on input line 4192.
Package hyperref Info: Link nesting OFF on input line 4197.
Package hyperref Info: Hyper index ON on input line 4200.
Package hyperref Info: Plain pages OFF on input line 4207.
Package hyperref Info: Backreferencing OFF on input line 4212.
Package hyperref Info: Implicit mode ON; LaTeX internals redefined.
Package hyperref Info: Bookmarks ON on input line 4445.
\c@Hy@tempcnt=\count276
LaTeX Info: Redefining \url on input line 4804.
\XeTeXLinkMargin=\dimen151

(/usr/share/texlive/texmf-dist/tex/generic/bitset/bitset.sty
Package: bitset 2019/12/09 v1.3 Handle bit-vector datatype (HO)

(/usr/share/texlive/texmf-dist/tex/generic/bigintcalc/bigintcalc.sty
Package: bigintcalc 2019/12/15 v1.5 Expandable calculations on big integers (HO
)
))
\Fld@menulength=\count277
\Field@Width=\dimen152
\Fld@charsize=\dimen153
Package hyperref Info: Hyper figures OFF on input line 6076.
Package hyperref Info: Link nesting OFF on input line 6081.
Package hyperref Info: Hyper index ON on input line 6084.
Package hyperref Info: backreferencing OFF on input line 6091.
Package hyperref Info: Link coloring OFF on input line 6096.
Package hyperref Info: Link coloring with OCG OFF on input line 6101.
Package hyperref Info: PDF/A mode OFF on input line 6106.
LaTeX Info: Redefining \ref on input line 6146.
LaTeX Info: Redefining \pageref on input line 6150.

(/usr/share/texlive/texmf-dist/tex/latex/base/atbegshi-ltx.sty
Package: atbegshi-ltx 2021/01/10 v1.0c Emulation of the original atbegshi
package with kernel methods
)
\Hy@abspage=\count278
\c@Item=\count279
\c@Hfootnote=\count280
)
Package hyperref Info: Driver (autodetected): hpdftex.

(/usr/share/texlive/texmf-dist/tex/latex/hyperref/hpdftex.def
File: hpdftex.def 2021-06-07 v7.00m Hyperref driver for pdfTeX

(/usr/share/texlive/texmf-dist/tex/latex/base/atveryend-ltx.sty
Package: atveryend-ltx 2020/08/19 v1.0a Emulation of the original atveryend pac
kage
with kernel methods
)
\Fld@listcount=\count281
\c@bookmark@seq@number=\count282

(/usr/share/texlive/texmf-dist/tex/latex/rerunfilecheck/rerunfilecheck.sty
Package: rerunfilecheck 2019/12/05 v1.9 Rerun checks for auxiliary files (HO)

(/usr/share/texlive/texmf-dist/tex/generic/uniquecounter/uniquecounter.sty
Package: uniquecounter 2019/12/15 v1.4 Provide unlimited unique counter (HO)
)
Package uniquecounter Info: New unique counter `rerunfilecheck' on input line 2
86.
)
\Hy@SectionHShift=\skip52
)
(/usr/share/texlive/texmf-dist/tex/latex/geometry/geometry.sty
Package: geometry 2020/01/02 v5.9 Page Geometry

(/usr/share/texlive/texmf-dist/tex/generic/iftex/ifvtex.sty
Package: ifvtex 2019/10/25 v1.7 ifvtex legacy package. Use iftex instead.
)
\Gm@cnth=\count283
\Gm@cntv=\count284
\c@Gm@tempcnt=\count285
\Gm@bindingoffset=\dimen154
\Gm@wd@mp=\dimen155
\Gm@odd@mp=\dimen156
\Gm@even@mp=\dimen157
\Gm@layoutwidth=\dimen158
\Gm@layoutheight=\dimen159
\Gm@layouthoffset=\dimen160
\Gm@layoutvoffset=\dimen161
\Gm@dimlist=\toks26
)
(/usr/share/texlive/texmf-dist/tex/latex/l3backend/l3backend-pdftex.def
File: l3backend-pdftex.def 2022-01-12 L3 backend support: PDF output (pdfTeX)
\l__color_backend_stack_int=\count286
\l__pdf_internal_box=\box54
)
(./report.aux)
\openout1 = `report.aux'.

LaTeX Font Info:    Checking defaults for OML/cmm/m/it on input line 14.
LaTeX Font Info:    ... okay on input line 14.
LaTeX Font Info:    Checking defaults for OMS/cmsy/m/n on input line 14.
LaTeX Font Info:    ... okay on input line 14.
LaTeX Font Info:    Checking defaults for OT1/cmr/m/n on input line 14.
LaTeX Font Info:    ... okay on input line 14.
LaTeX Font Info:    Checking defaults for T1/cmr/m/n on input line 14.
LaTeX Font Info:    ... okay on input line 14.
LaTeX Font Info:    Checking defaults for TS1/cmr/m/n on input line 14.
LaTeX Font Info:    ... okay on input line 14.
LaTeX Font Info:    Checking defaults for OMX/cmex/m/n on input line 14.
LaTeX Font Info:    ... okay on input line 14.
LaTeX Font Info:    Checking defaults for U/cmr/m/n on input line 14.
LaTeX Font Info:    ... okay on input line 14.
LaTeX Font Info:    Checking defaults for PD1/pdf/m/n on input line 14.
LaTeX Font Info:    ... okay on input line 14.
LaTeX Font Info:    Checking defaults for PU/pdf/m/n on input line 14.
LaTeX Font Info:    ... okay on input line 14.

(/usr/share/texlive/texmf-dist/tex/context/base/mkii/supp-pdf.mkii
[Loading MPS to PDF converter (version 2006.09.02).]
\scratchcounter=\count287
\scratchdimen=\dimen162
\scratchbox=\box55
\nofMPsegments=\count288
\nofMParguments=\count289
\everyMPshowfont=\toks27
\MPscratchCnt=\count290
\MPscratchDim=\dimen163
\MPnumerator=\count291
\makeMPintoPDFobject=\count292
\everyMPtoPDFconversion=\toks28
) (/usr/share/texlive/texmf-dist/tex/latex/epstopdf-pkg/epstopdf-base.sty
Package: epstopdf-base 2020-01-24 v2.11 Base part for package epstopdf
Package epstopdf-base Info: Redefining graphics rule for `.eps' on input line 4
85.

(/usr/share/texlive/texmf-dist/tex/latex/latexconfig/epstopdf-sys.cfg
File: epstopdf-sys.cfg 2010/07/13 v1.3 Configuration of (r)epstopdf for TeX Liv
e
))
Package hyperref Info: Link coloring OFF on input line 14.

(/usr/share/texlive/texmf-dist/tex/latex/hyperref/nameref.sty
Package: nameref 2021-04-02 v2.47 Cross-referencing by name of section

(/usr/share/texlive/texmf-dist/tex/latex/refcount/refcount.sty
Package: refcount 2019/12/15 v3.6 Data extraction from label references (HO)
)
(/usr/share/texlive/texmf-dist/tex/generic/gettitlestring/gettitlestring.sty
Package: gettitlestring 2019/12/15 v1.6 Cleanup title references (HO)
)
\c@section@level=\count293
)
LaTeX Info: Redefining \ref on input line 14.
LaTeX Info: Redefining \pageref on input line 14.
LaTeX Info: Redefining \nameref on input line 14.

(./report.out) (./report.out)
\@outlinefile=\write3
\openout3 = `report.out'.


*geometry* driver: auto-detecting
*geometry* detected driver: pdftex
*geometry* verbose mode - [ preamble ] result:
* driver: pdftex
* paper: a4paper
* layout: <same size as paper>
* layoutoffset:(h,v)=(0.0pt,0.0pt)
* modes: 
* h-part:(L,W,R)=(72.26999pt, 452.9679pt, 72.26999pt)
* v-part:(T,H,B)=(72.26999pt, 700.50687pt, 72.26999pt)
* \paperwidth=597.50787pt
* \paperheight=845.04684pt
* \textwidth=452.9679pt
* \textheight=700.50687pt
* \oddsidemargin=0.0pt
* \evensidemargin=0.0pt
* \topmargin=-37.0pt
* \headheight=12.0pt
* \headsep=25.0pt
* \topskip=12.0pt
* \footskip=30.0pt
* \marginparwidth=44.0pt
* \marginparsep=10.0pt
* \columnsep=10.0pt
* \skip\footins=10.8pt plus 4.0pt minus 2.0pt
* \hoffset=0.0pt
* \voffset=0.0pt
* \mag=1000
* \@twocolumnfalse
* \@twosidefalse
* \@mparswitchfalse
* \@reversemarginfalse
* (1in=72.27pt=25.4mm, 1cm=28.453pt)

[1

{/var/lib/texmf/fonts/map/pdftex/updmap/pdftex.map}]
LaTeX Font Info:    Trying to load font information for U+msa on input line 51.


(/usr/share/texlive/texmf-dist/tex/latex/amsfonts/umsa.fd
File: umsa.fd 2013/01/14 v3.01 AMS symbols A
)
LaTeX Font Info:    Trying to load font information for U+msb on input line 51.


(/usr/share/texlive/texmf-dist/tex/latex/amsfonts/umsb.fd
File: umsb.fd 2013/01/14 v3.01 AMS symbols B
)pdfTeX warning (ext4): destination with the same identifier (name{page.1}) has
 been already used, duplicate ignored
<to be read again> 
                   \relax 
l.58 \newpage
              [1] [2]
Overfull \hbox (10.29405pt too wide) in paragraph at lines 74--75
[]\OT1/cmr/m/n/12 The HMS in-cor-po-rates ad-vanced fea-tures for pa-tient man-
age-ment, ap-point-ment schedul-
 []


Overfull \hbox (11.15573pt too wide) in paragraph at lines 82--83
[]\OT1/cmr/bx/n/12 Keywords: \OT1/cmr/m/n/12 Hos-pi-tal Man-age-ment Sys-tem, H
ealth-care In-for-ma-tion Sys-tem, Bangladesh
 []

pdfTeX warning (ext4): destination with the same identifier (name{page.1}) has 
been already used, duplicate ignored
<to be read again> 
                   \relax 
l.83 \end{abstract}
                    [1] (./report.tocpdfTeX warning (ext4): destination with th
e same identifier (name{page.1}) has been already used, duplicate ignored
<to be read again> 
                   \relax 
l.37 ....1}Use Case Diagram}{14}{subsection.4.2.1}
                                                  % [1

])
\tf@toc=\write4
\openout4 = `report.toc'.

pdfTeX warning (ext4): destination with the same identifier (name{page.2}) has 
been already used, duplicate ignored
<to be read again> 
                   \relax 
l.90 \newpage
              [2] (./report.lof)
\tf@lof=\write5
\openout5 = `report.lof'.

 [3

] (./report.lot)
\tf@lot=\write6
\openout6 = `report.lot'.

 [4

]
Chapter 1.
[5

] [6] [7]
Chapter 2.

Overfull \hbox (2.71358pt too wide) in paragraph at lines 167--168
\OT1/cmr/m/n/12 Hospital Man-age-ment Sys-tems (HMS) have evolved sig-nif-i-can
tly over the past few decades.
 []

[8

]
Underfull \hbox (badness 10000) in paragraph at lines 224--224
[]\OT1/cmr/m/n/12 Patient
 []


Underfull \hbox (badness 10000) in paragraph at lines 226--226
[]\OT1/cmr/m/n/12 Mobile
 []


Overfull \hbox (9.35075pt too wide) in paragraph at lines 228--228
[]\OT1/cmr/m/n/12 Telemedicine| 
 []

[9] [10]
Chapter 3.
[11

] [12] [13]
Chapter 4.
<Use Case Diagram - Hospital Management System.png, id=516, 626.34pt x 1260.71p
t>
File: Use Case Diagram - Hospital Management System.png Graphic file (type png)

<use Use Case Diagram - Hospital Management System.png>
Package pdftex.def Info: Use Case Diagram - Hospital Management System.png  use
d on input line 380.
(pdftex.def)             Requested size: 362.37569pt x 729.4233pt.
[14

] [15]
Overfull \vbox (55.74974pt too high) has occurred while \output is active []


[16 <./Use Case Diagram - Hospital Management System.png (PNG copy)>]
<DFD Level 0 - Hospital Management System.png, id=533, 1002.74625pt x 336.25626
pt>
File: DFD Level 0 - Hospital Management System.png Graphic file (type png)
<use DFD Level 0 - Hospital Management System.png>
Package pdftex.def Info: DFD Level 0 - Hospital Management System.png  used on 
input line 401.
(pdftex.def)             Requested size: 362.37569pt x 121.51906pt.
<DFD Level 1 - Hospital Management System.png, id=534, 1957.3125pt x 889.3225pt
>
File: DFD Level 1 - Hospital Management System.png Graphic file (type png)
<use DFD Level 1 - Hospital Management System.png>
Package pdftex.def Info: DFD Level 1 - Hospital Management System.png  used on 
input line 411.
(pdftex.def)             Requested size: 362.37569pt x 164.64421pt.
 [17 <./DFD Level 0 - Hospital Management System.png (PNG copy)> <./DFD Level 1
 - Hospital Management System.png (PNG copy)>]
<ER Diagram - Hospital Management System.png, id=544, 775.89874pt x 776.9025pt>

File: ER Diagram - Hospital Management System.png Graphic file (type png)
<use ER Diagram - Hospital Management System.png>
Package pdftex.def Info: ER Diagram - Hospital Management System.png  used on i
nput line 425.
(pdftex.def)             Requested size: 362.37569pt x 362.84444pt.
 [18 <./ER Diagram - Hospital Management System.png (PNG copy)>]
Underfull \hbox (badness 10000) in paragraph at lines 455--455
[]\OT1/cmr/bx/n/12 Field
 []


Underfull \hbox (badness 10000) in paragraph at lines 455--455
[]\OT1/cmr/bx/n/12 Data
 []


Underfull \hbox (badness 1675) in paragraph at lines 457--458
[]\OT1/cmr/m/n/12 Unique iden-ti-fier for
 []


Overfull \hbox (2.47585pt too wide) in paragraph at lines 459--459
[]\OT1/cmr/m/n/12 VARCHAR| 
 []


Overfull \hbox (2.47585pt too wide) in paragraph at lines 461--461
[]\OT1/cmr/m/n/12 VARCHAR| 
 []


Overfull \hbox (2.47585pt too wide) in paragraph at lines 463--463
[]\OT1/cmr/m/n/12 VARCHAR| 
 []


Overfull \hbox (2.47585pt too wide) in paragraph at lines 465--465
[]\OT1/cmr/m/n/12 VARCHAR| 
 []


Overfull \hbox (2.47585pt too wide) in paragraph at lines 467--467
[]\OT1/cmr/m/n/12 VARCHAR| 
 []


Overfull \hbox (16.18404pt too wide) in paragraph at lines 469--469
[]\OT1/cmr/m/n/12 TIMESTAMP| 
 []


Underfull \hbox (badness 10000) in paragraph at lines 479--479
[]\OT1/cmr/bx/n/12 Field
 []


Underfull \hbox (badness 10000) in paragraph at lines 479--479
[]\OT1/cmr/bx/n/12 Data
 []


Overfull \hbox (2.47585pt too wide) in paragraph at lines 483--483
[]\OT1/cmr/m/n/12 VARCHAR| 
 []


Overfull \hbox (2.47585pt too wide) in paragraph at lines 487--487
[]\OT1/cmr/m/n/12 VARCHAR| 
 []


Overfull \hbox (2.47585pt too wide) in paragraph at lines 491--491
[]\OT1/cmr/m/n/12 VARCHAR| 
 []


Overfull \hbox (38.71239pt too wide) in paragraph at lines 493--493
[]\OT1/cmr/m/n/12 emergency[]contact| 
 []


Overfull \hbox (2.47585pt too wide) in paragraph at lines 493--493
[]\OT1/cmr/m/n/12 VARCHAR| 
 []


Underfull \hbox (badness 10000) in paragraph at lines 493--494
[]\OT1/cmr/m/n/12 Emergency con-tact
 []


Overfull \hbox (22.132pt too wide) in paragraph at lines 495--495
[]\OT1/cmr/m/n/12 medical[]history| 
 []


Underfull \hbox (badness 2269) in paragraph at lines 495--496
[]\OT1/cmr/m/n/12 Patient med-i-cal his-
 []

[19]
Chapter 5.
[20

] [21] [22]
Chapter 6.

Overfull \hbox (6.14412pt too wide) in paragraph at lines 600--600
[]\OT1/cmr/m/n/12 TC001| 
 []


Overfull \hbox (6.14412pt too wide) in paragraph at lines 602--602
[]\OT1/cmr/m/n/12 TC002| 
 []


Underfull \hbox (badness 10000) in paragraph at lines 602--602
[]\OT1/cmr/m/n/12 Invalid cre-den-
 []


Overfull \hbox (6.14412pt too wide) in paragraph at lines 604--604
[]\OT1/cmr/m/n/12 TC003| 
 []


Underfull \hbox (badness 10000) in paragraph at lines 604--604
[]\OT1/cmr/m/n/12 Patient Reg-is-
 []


Overfull \hbox (6.14412pt too wide) in paragraph at lines 606--606
[]\OT1/cmr/m/n/12 TC004| 
 []


Underfull \hbox (badness 10000) in paragraph at lines 606--606
[]\OT1/cmr/m/n/12 Appointment
 []


Underfull \hbox (badness 10000) in paragraph at lines 606--606
[]\OT1/cmr/m/n/12 Appointment
 []


Overfull \hbox (6.14412pt too wide) in paragraph at lines 608--608
[]\OT1/cmr/m/n/12 TC005| 
 []


Underfull \hbox (badness 10000) in paragraph at lines 608--608
[]\OT1/cmr/m/n/12 Consultation
 []


Overfull \hbox (6.14412pt too wide) in paragraph at lines 610--610
[]\OT1/cmr/m/n/12 TC006| 
 []


Underfull \hbox (badness 1817) in paragraph at lines 610--610
[]\OT1/cmr/m/n/12 Report Gen-er-a-
 []


Underfull \hbox (badness 10000) in paragraph at lines 610--610
[]\OT1/cmr/m/n/12 Report dis-
 []


Overfull \hbox (6.14412pt too wide) in paragraph at lines 612--612
[]\OT1/cmr/m/n/12 TC007| 
 []


Underfull \hbox (badness 10000) in paragraph at lines 612--612
[]\OT1/cmr/m/n/12 Medicine Dis-
 []


Underfull \hbox (badness 10000) in paragraph at lines 612--612
[]\OT1/cmr/m/n/12 Valid pre-scrip-
 []


Overfull \hbox (6.14412pt too wide) in paragraph at lines 614--614
[]\OT1/cmr/m/n/12 TC008| 
 []


Overfull \hbox (6.14412pt too wide) in paragraph at lines 616--616
[]\OT1/cmr/m/n/12 TC009| 
 []


Underfull \hbox (badness 10000) in paragraph at lines 616--616
[]\OT1/cmr/m/n/12 Room As-sign-
 []


Overfull \hbox (6.14412pt too wide) in paragraph at lines 618--618
[]\OT1/cmr/m/n/12 TC010| 
 []


Underfull \hbox (badness 10000) in paragraph at lines 618--618
[]\OT1/cmr/m/n/12 Backup com-
 []

[23

] [24]
Chapter 7.
[25

] [26]
Chapter 8.
[27

]
Chapter 9.
[28

]
No file report.bbl.
(./report.aux)

LaTeX Warning: Label(s) may have changed. Rerun to get cross-references right.

Package rerunfilecheck Info: File `report.out' has not changed.
(rerunfilecheck)             Checksum: E412F338E5F85E7660AA3198F3F89280;12539.
 ) 
Here is how much of TeX's memory you used:
 10784 strings out of 480171
 164597 string characters out of 5894489
 471710 words of memory out of 5000000
 28424 multiletter control sequences out of 15000+600000
 476365 words of font info for 54 fonts, out of 8000000 for 9000
 59 hyphenation exceptions out of 8191
 60i,11n,63p,544b,419s stack positions out of 5000i,500n,10000p,200000b,80000s
 </home/alamin/.texlive2021/texmf-var/fonts/pk/ljfour/jknappen/ec/tcrm1200.60
0pk></usr/share/texlive/texmf-dist/fonts/type1/public/amsfonts/cm/cmbx12.pfb></
usr/share/texlive/texmf-dist/fonts/type1/public/amsfonts/cm/cmr12.pfb></usr/sha
re/texlive/texmf-dist/fonts/type1/public/amsfonts/cm/cmr17.pfb>
Output written on report.pdf (32 pages, 532295 bytes).
PDF statistics:
 665 PDF objects out of 1000 (max. 8388607)
 613 compressed objects within 7 object streams
 170 named destinations out of 1000 (max. 500000)
 645 words of extra memory for PDF output out of 10000 (max. 10000000)

